<?xml version="1.0" encoding="UTF-8"?>
<!-- Generated by org.testng.reporters.JUnitReportReporter -->
<testsuite skipped="0" hostname="MXITD037" name="TEST.TestLogin" tests="1" failures="0" timestamp="12 Dec 2019 13:02:46 GMT" time="12.322" errors="0">
  <testcase name="login" time="12.322" classname="TEST.TestLogin"/>
</testsuite> <!-- TEST.TestLogin -->
