<?xml version="1.0" encoding="UTF-8"?>
<!-- Generated by org.testng.reporters.JUnitReportReporter -->
<testsuite skipped="0" hostname="MXITD037" name="TEST.TestDataProviderATSLogin" tests="4" failures="0" timestamp="16 Dec 2019 10:22:38 GMT" time="59.711" errors="0">
  <testcase name="DD_Login_data" time="11.490" classname="TEST.TestDataProviderATSLogin"/>
  <testcase name="DD_Login_data" time="17.525" classname="TEST.TestDataProviderATSLogin"/>
  <testcase name="DD_Login_data" time="15.333" classname="TEST.TestDataProviderATSLogin"/>
  <testcase name="DD_Login_data" time="15.363" classname="TEST.TestDataProviderATSLogin"/>
</testsuite> <!-- TEST.TestDataProviderATSLogin -->
