<?xml version="1.0" encoding="UTF-8"?>
<!-- Generated by org.testng.reporters.JUnitReportReporter -->
<testsuite skipped="0" hostname="MXITD037" name="TEST.Test_DataProviderATSRegistrarion" tests="4" failures="0" timestamp="27 Nov 2019 11:49:35 GMT" time="49.214" errors="0">
  <testcase name="DD_Registration_data" time="12.722" classname="TEST.Test_DataProviderATSRegistrarion"/>
  <testcase name="DD_Registration_data" time="14.054" classname="TEST.Test_DataProviderATSRegistrarion"/>
  <testcase name="DD_Registration_data" time="10.651" classname="TEST.Test_DataProviderATSRegistrarion"/>
  <testcase name="DD_Registration_data" time="11.787" classname="TEST.Test_DataProviderATSRegistrarion"/>
</testsuite> <!-- TEST.Test_DataProviderATSRegistrarion -->
