<?xml version="1.0" encoding="UTF-8"?>
<!-- Generated by org.testng.reporters.JUnitReportReporter -->
<testsuite skipped="17" hostname="MXITD037" name="TEST.Test_DataProviderATSRegistration" tests="19" failures="0" timestamp="16 Dec 2019 10:22:38 GMT" time="79.633" errors="1">
  <testcase name="DD_Registration_data" time="4.094" classname="TEST.Test_DataProviderATSRegistration">
    <skipped/>
  </testcase> <!-- DD_Registration_data -->
  <testcase name="DD_Registration_data" time="3.791" classname="TEST.Test_DataProviderATSRegistration">
    <skipped/>
  </testcase> <!-- DD_Registration_data -->
  <testcase name="DD_Registration_data" time="4.597" classname="TEST.Test_DataProviderATSRegistration">
    <skipped/>
  </testcase> <!-- DD_Registration_data -->
  <testcase name="DD_Registration_data" time="3.771" classname="TEST.Test_DataProviderATSRegistration">
    <skipped/>
  </testcase> <!-- DD_Registration_data -->
  <testcase name="DD_Registration_data" time="3.846" classname="TEST.Test_DataProviderATSRegistration">
    <skipped/>
  </testcase> <!-- DD_Registration_data -->
  <testcase name="DD_Registration_data" time="3.821" classname="TEST.Test_DataProviderATSRegistration">
    <skipped/>
  </testcase> <!-- DD_Registration_data -->
  <testcase name="DD_Registration_data" time="3.692" classname="TEST.Test_DataProviderATSRegistration">
    <skipped/>
  </testcase> <!-- DD_Registration_data -->
  <testcase name="DD_Registration_data" time="3.742" classname="TEST.Test_DataProviderATSRegistration">
    <skipped/>
  </testcase> <!-- DD_Registration_data -->
  <testcase name="aftertestmethod" time="3.908" classname="TEST.Test_DataProviderATSRegistration">
    <error type="java.lang.NullPointerException">
      <![CDATA[java.lang.NullPointerException
at TEST.Test_DataProviderATSRegistration.aftertestmethod(Test_DataProviderATSRegistration.java:48)
at sun.reflect.NativeMethodAccessorImpl.invoke0(Native Method)
at sun.reflect.NativeMethodAccessorImpl.invoke(Unknown Source)
at sun.reflect.DelegatingMethodAccessorImpl.invoke(Unknown Source)
at java.lang.reflect.Method.invoke(Unknown Source)
at org.testng.internal.MethodInvocationHelper.invokeMethod(MethodInvocationHelper.java:124)
at org.testng.internal.MethodInvocationHelper.invokeMethodConsideringTimeout(MethodInvocationHelper.java:59)
at org.testng.internal.Invoker.invokeConfigurationMethod(Invoker.java:458)
at org.testng.internal.Invoker.invokeConfigurations(Invoker.java:222)
at org.testng.internal.Invoker.invokeMethod(Invoker.java:646)
at org.testng.internal.Invoker.invokeTestMethod(Invoker.java:719)
at org.testng.internal.Invoker.invokeTestMethods(Invoker.java:989)
at org.testng.internal.TestMethodWorker.invokeTestMethods(TestMethodWorker.java:125)
at org.testng.internal.TestMethodWorker.run(TestMethodWorker.java:109)
at org.testng.TestRunner.privateRun(TestRunner.java:648)
at org.testng.TestRunner.run(TestRunner.java:505)
at org.testng.SuiteRunner.runTest(SuiteRunner.java:455)
at org.testng.SuiteRunner.runSequentially(SuiteRunner.java:450)
at org.testng.SuiteRunner.privateRun(SuiteRunner.java:415)
at org.testng.SuiteRunner.run(SuiteRunner.java:364)
at org.testng.SuiteRunnerWorker.runSuite(SuiteRunnerWorker.java:52)
at org.testng.SuiteRunnerWorker.run(SuiteRunnerWorker.java:84)
at org.testng.TestNG.runSuitesSequentially(TestNG.java:1208)
at org.testng.TestNG.runSuitesLocally(TestNG.java:1137)
at org.testng.TestNG.runSuites(TestNG.java:1049)
at org.testng.TestNG.run(TestNG.java:1017)
at org.apache.maven.surefire.testng.TestNGExecutor.run(TestNGExecutor.java:283)
at org.apache.maven.surefire.testng.TestNGXmlTestSuite.execute(TestNGXmlTestSuite.java:75)
at org.apache.maven.surefire.testng.TestNGProvider.invoke(TestNGProvider.java:120)
at org.apache.maven.surefire.booter.ForkedBooter.invokeProviderInSameClassLoader(ForkedBooter.java:384)
at org.apache.maven.surefire.booter.ForkedBooter.runSuitesInProcess(ForkedBooter.java:345)
at org.apache.maven.surefire.booter.ForkedBooter.execute(ForkedBooter.java:126)
at org.apache.maven.surefire.booter.ForkedBooter.main(ForkedBooter.java:418)
]]>
    </error>
  </testcase> <!-- aftertestmethod -->
  <testcase name="DD_Registration_data" time="3.754" classname="TEST.Test_DataProviderATSRegistration">
    <skipped/>
  </testcase> <!-- DD_Registration_data -->
  <testcase name="DD_Registration_data" time="6.039" classname="TEST.Test_DataProviderATSRegistration">
    <skipped/>
  </testcase> <!-- DD_Registration_data -->
  <testcase name="DD_Registration_data" time="7.136" classname="TEST.Test_DataProviderATSRegistration"/>
  <testcase name="DD_Registration_data" time="5.722" classname="TEST.Test_DataProviderATSRegistration">
    <skipped/>
  </testcase> <!-- DD_Registration_data -->
  <testcase name="DD_Registration_data" time="3.793" classname="TEST.Test_DataProviderATSRegistration">
    <skipped/>
  </testcase> <!-- DD_Registration_data -->
  <testcase name="DD_Registration_data" time="3.971" classname="TEST.Test_DataProviderATSRegistration">
    <skipped/>
  </testcase> <!-- DD_Registration_data -->
  <testcase name="DD_Registration_data" time="5.796" classname="TEST.Test_DataProviderATSRegistration">
    <skipped/>
  </testcase> <!-- DD_Registration_data -->
  <testcase name="DD_Registration_data" time="4.246" classname="TEST.Test_DataProviderATSRegistration">
    <skipped/>
  </testcase> <!-- DD_Registration_data -->
  <testcase name="DD_Registration_data" time="3.914" classname="TEST.Test_DataProviderATSRegistration">
    <skipped/>
  </testcase> <!-- DD_Registration_data -->
  <testcase name="DD_Registration_data" time="0.000" classname="TEST.Test_DataProviderATSRegistration">
    <skipped/>
  </testcase> <!-- DD_Registration_data -->
</testsuite> <!-- TEST.Test_DataProviderATSRegistration -->
