<?xml version="1.0" encoding="UTF-8"?>
<!-- Generated by org.testng.reporters.JUnitReportReporter -->
<testsuite skipped="0" hostname="MXITD037" name="TEST.Test_DataProviderATSRegistration" tests="4" failures="0" timestamp="27 Nov 2019 12:12:04 GMT" time="32.893" errors="0">
  <testcase name="DD_Registration_data" time="7.817" classname="TEST.Test_DataProviderATSRegistration"/>
  <testcase name="DD_Registration_data" time="8.852" classname="TEST.Test_DataProviderATSRegistration"/>
  <testcase name="DD_Registration_data" time="8.092" classname="TEST.Test_DataProviderATSRegistration"/>
  <testcase name="DD_Registration_data" time="8.132" classname="TEST.Test_DataProviderATSRegistration"/>
</testsuite> <!-- TEST.Test_DataProviderATSRegistration -->
