<?xml version="1.0" encoding="UTF-8"?>
<!-- Generated by org.testng.reporters.JUnitReportReporter -->
<testsuite skipped="0" hostname="MXITD037" name="TEST.TestLogin" tests="1" failures="0" timestamp="02 Dec 2019 14:08:01 GMT" time="13.093" errors="0">
  <testcase name="login" time="13.093" classname="TEST.TestLogin"/>
</testsuite> <!-- TEST.TestLogin -->
