<?xml version="1.0" encoding="UTF-8"?>
<!-- Generated by org.testng.reporters.JUnitReportReporter -->
<testsuite skipped="0" hostname="MXITD037" name="TEST.Test_ATS_Registration" tests="1" failures="0" timestamp="02 Dec 2019 13:32:30 GMT" time="8.400" errors="0">
  <testcase name="registration" time="8.400" classname="TEST.Test_ATS_Registration"/>
</testsuite> <!-- TEST.Test_ATS_Registration -->
