<?xml version="1.0" encoding="UTF-8"?>
<!-- Generated by org.testng.reporters.JUnitReportReporter -->
<testsuite skipped="0" hostname="MXITD037" name="TEST.TestDataProviderATSLogin" tests="4" failures="0" timestamp="12 Dec 2019 13:02:46 GMT" time="59.923" errors="0">
  <testcase name="DD_Login_data" time="15.398" classname="TEST.TestDataProviderATSLogin"/>
  <testcase name="DD_Login_data" time="15.582" classname="TEST.TestDataProviderATSLogin"/>
  <testcase name="DD_Login_data" time="17.422" classname="TEST.TestDataProviderATSLogin"/>
  <testcase name="DD_Login_data" time="11.521" classname="TEST.TestDataProviderATSLogin"/>
</testsuite> <!-- TEST.TestDataProviderATSLogin -->
