<?xml version="1.0" encoding="UTF-8"?>
<!-- Generated by org.testng.reporters.JUnitReportReporter -->
<testsuite skipped="0" hostname="MXITD037" name="TEST.TestDataProviderATSLogin" tests="4" failures="0" timestamp="27 Nov 2019 12:28:40 GMT" time="44.352" errors="0">
  <testcase name="DD_Login_data" time="10.600" classname="TEST.TestDataProviderATSLogin"/>
  <testcase name="DD_Login_data" time="13.814" classname="TEST.TestDataProviderATSLogin"/>
  <testcase name="DD_Login_data" time="9.793" classname="TEST.TestDataProviderATSLogin"/>
  <testcase name="DD_Login_data" time="10.145" classname="TEST.TestDataProviderATSLogin"/>
</testsuite> <!-- TEST.TestDataProviderATSLogin -->
