<?xml version="1.0" encoding="UTF-8"?>
<!-- Generated by org.testng.reporters.JUnitReportReporter -->
<testsuite skipped="0" hostname="MXITD037" name="TEST.TestDataProviderATSLogin" tests="4" failures="0" timestamp="03 Dec 2019 15:39:25 GMT" time="50.079" errors="0">
  <testcase name="DD_Login_data" time="13.227" classname="TEST.TestDataProviderATSLogin"/>
  <testcase name="DD_Login_data" time="12.644" classname="TEST.TestDataProviderATSLogin"/>
  <testcase name="DD_Login_data" time="11.504" classname="TEST.TestDataProviderATSLogin"/>
  <testcase name="DD_Login_data" time="12.704" classname="TEST.TestDataProviderATSLogin"/>
</testsuite> <!-- TEST.TestDataProviderATSLogin -->
