<?xml version="1.0" encoding="UTF-8"?>
<!-- Generated by org.testng.reporters.JUnitReportReporter -->
<testsuite skipped="0" hostname="MXITD037" name="TEST.TestLogin" tests="1" failures="0" timestamp="04 Dec 2019 08:25:36 GMT" time="14.741" errors="0">
  <testcase name="login" time="14.741" classname="TEST.TestLogin"/>
</testsuite> <!-- TEST.TestLogin -->
