<?xml version="1.0" encoding="UTF-8"?>
<!-- Generated by org.testng.reporters.JUnitReportReporter -->
<testsuite skipped="0" hostname="MXITD037" name="TEST.TestLogin" tests="1" failures="0" timestamp="16 Dec 2019 10:22:38 GMT" time="13.308" errors="0">
  <testcase name="login" time="13.308" classname="TEST.TestLogin"/>
</testsuite> <!-- TEST.TestLogin -->
