<?xml version="1.0" encoding="UTF-8"?>
<!-- Generated by org.testng.reporters.JUnitReportReporter -->
<testsuite skipped="0" hostname="MXITD037" name="TEST.Test_Add_Job" tests="1" failures="0" timestamp="16 Dec 2019 10:22:38 GMT" time="74.096" errors="0">
  <testcase name="addJob" time="74.096" classname="TEST.Test_Add_Job"/>
</testsuite> <!-- TEST.Test_Add_Job -->
