<?xml version="1.0" encoding="UTF-8"?>
<!-- Generated by org.testng.reporters.JUnitReportReporter -->
<testsuite skipped="0" hostname="MXITD037" name="TEST.TestDataProviderATSLogin" tests="4" failures="0" timestamp="04 Dec 2019 08:25:36 GMT" time="61.485" errors="0">
  <testcase name="DD_Login_data" time="16.874" classname="TEST.TestDataProviderATSLogin"/>
  <testcase name="DD_Login_data" time="12.105" classname="TEST.TestDataProviderATSLogin"/>
  <testcase name="DD_Login_data" time="16.070" classname="TEST.TestDataProviderATSLogin"/>
  <testcase name="DD_Login_data" time="16.436" classname="TEST.TestDataProviderATSLogin"/>
</testsuite> <!-- TEST.TestDataProviderATSLogin -->
