<?xml version="1.0" encoding="UTF-8"?>
<!-- Generated by org.testng.reporters.JUnitReportReporter -->
<testsuite skipped="0" hostname="MXITD037" name="TEST.Test_DataProviderATSRegistration" tests="4" failures="0" timestamp="03 Dec 2019 12:46:14 GMT" time="32.100" errors="0">
  <testcase name="DD_Registration_data" time="8.866" classname="TEST.Test_DataProviderATSRegistration"/>
  <testcase name="DD_Registration_data" time="7.576" classname="TEST.Test_DataProviderATSRegistration"/>
  <testcase name="DD_Registration_data" time="7.239" classname="TEST.Test_DataProviderATSRegistration"/>
  <testcase name="DD_Registration_data" time="8.419" classname="TEST.Test_DataProviderATSRegistration"/>
</testsuite> <!-- TEST.Test_DataProviderATSRegistration -->
