<?xml version="1.0" encoding="UTF-8"?>
<!-- Generated by org.testng.reporters.JUnitReportReporter -->
<testsuite skipped="0" hostname="MXITD037" name="TEST.Test_ATS_Registration" tests="1" failures="0" timestamp="16 Dec 2019 10:22:38 GMT" time="10.072" errors="0">
  <testcase name="registration" time="10.072" classname="TEST.Test_ATS_Registration"/>
</testsuite> <!-- TEST.Test_ATS_Registration -->
